app/build/intermediates/manifest_merge_blame_file/debug/manifest-merger-blame-debug-report.txt
1<?xml version="1.0" encoding="utf-8"?>
2<manifest xmlns:android="http://schemas.android.com/apk/res/android"
3    package="com.example.androidattendancesystem"
4    android:versionCode="1"
5    android:versionName="1.0" >
6
7    <uses-sdk
8        android:minSdkVersion="14"
8-->src\main\AndroidManifest.xml
9        android:targetSdkVersion="30" />
9-->src\main\AndroidManifest.xml
10
11    <application
11-->src\main\AndroidManifest.xml:7:5-71:19
12        android:name="com.android.attendance.context.ApplicationContext"
12-->src\main\AndroidManifest.xml:8:10-74
13        android:allowBackup="true"
13-->src\main\AndroidManifest.xml:9:9-35
14        android:debuggable="true"
15        android:icon="@drawable/ic_launcher"
15-->src\main\AndroidManifest.xml:10:9-45
16        android:label="@string/app_name"
16-->src\main\AndroidManifest.xml:11:9-41
17        android:testOnly="true"
18        android:theme="@style/AppTheme" >
18-->src\main\AndroidManifest.xml:12:9-40
19        <activity
19-->src\main\AndroidManifest.xml:13:9-21:20
20            android:name="com.android.attendance.activity.MainActivity"
20-->src\main\AndroidManifest.xml:14:13-72
21            android:label="@string/app_name" >
21-->src\main\AndroidManifest.xml:15:13-45
22            <intent-filter>
22-->src\main\AndroidManifest.xml:16:13-20:29
23                <action android:name="android.intent.action.MAIN" />
23-->src\main\AndroidManifest.xml:17:17-69
23-->src\main\AndroidManifest.xml:17:25-66
24
25                <category android:name="android.intent.category.LAUNCHER" />
25-->src\main\AndroidManifest.xml:19:17-77
25-->src\main\AndroidManifest.xml:19:27-74
26            </intent-filter>
27        </activity>
28        <activity
28-->src\main\AndroidManifest.xml:22:10-25:20
29            android:name="com.android.attendance.activity.LoginActivity"
29-->src\main\AndroidManifest.xml:23:13-73
30            android:label="@string/app_name" >
30-->src\main\AndroidManifest.xml:24:13-45
31        </activity>
32        <activity
32-->src\main\AndroidManifest.xml:26:10-29:20
33            android:name="com.android.attendance.activity.MenuActivity"
33-->src\main\AndroidManifest.xml:27:13-72
34            android:label="@string/app_name" >
34-->src\main\AndroidManifest.xml:28:13-45
35        </activity>
36        <activity
36-->src\main\AndroidManifest.xml:30:10-33:20
37            android:name="com.android.attendance.activity.AddFacultyActivity"
37-->src\main\AndroidManifest.xml:31:13-78
38            android:label="@string/app_name" >
38-->src\main\AndroidManifest.xml:32:13-45
39        </activity>
40        <activity
40-->src\main\AndroidManifest.xml:34:9-37:20
41            android:name="com.android.attendance.activity.AddStudentActivity"
41-->src\main\AndroidManifest.xml:35:13-78
42            android:label="@string/app_name" >
42-->src\main\AndroidManifest.xml:36:13-45
43        </activity>
44        <activity
44-->src\main\AndroidManifest.xml:38:9-41:20
45            android:name="com.android.attendance.activity.ViewFacultyActivity"
45-->src\main\AndroidManifest.xml:39:13-79
46            android:label="@string/app_name" >
46-->src\main\AndroidManifest.xml:40:13-45
47        </activity>
48        <activity
48-->src\main\AndroidManifest.xml:42:9-45:20
49            android:name="com.android.attendance.activity.ViewStudentActivity"
49-->src\main\AndroidManifest.xml:43:13-79
50            android:label="@string/app_name" >
50-->src\main\AndroidManifest.xml:44:13-45
51        </activity>
52        <activity
52-->src\main\AndroidManifest.xml:46:9-49:20
53            android:name="com.android.attendance.activity.TestActivity"
53-->src\main\AndroidManifest.xml:47:13-72
54            android:label="@string/app_name" >
54-->src\main\AndroidManifest.xml:48:13-45
55        </activity>
56        <activity
56-->src\main\AndroidManifest.xml:50:10-53:20
57            android:name="com.android.attendance.activity.ViewStudentByBranchYear"
57-->src\main\AndroidManifest.xml:51:13-83
58            android:label="@string/app_name" >
58-->src\main\AndroidManifest.xml:52:13-45
59        </activity>
60        <activity
60-->src\main\AndroidManifest.xml:54:11-57:20
61            android:name="com.android.attendance.activity.AddAttandanceSessionActivity"
61-->src\main\AndroidManifest.xml:55:13-88
62            android:label="@string/app_name" >
62-->src\main\AndroidManifest.xml:56:13-45
63        </activity>
64        <activity
64-->src\main\AndroidManifest.xml:58:10-61:20
65            android:name="com.android.attendance.activity.AddAttendanceActivity"
65-->src\main\AndroidManifest.xml:59:13-81
66            android:label="@string/app_name" >
66-->src\main\AndroidManifest.xml:60:13-45
67        </activity>
68        <activity
68-->src\main\AndroidManifest.xml:62:10-65:20
69            android:name="com.android.attendance.activity.ViewAttendanceByFacultyActivity"
69-->src\main\AndroidManifest.xml:63:13-91
70            android:label="@string/app_name" >
70-->src\main\AndroidManifest.xml:64:13-45
71        </activity>
72        <activity
72-->src\main\AndroidManifest.xml:66:10-69:20
73            android:name="com.android.attendance.activity.ViewAttendancePerStudentActivity"
73-->src\main\AndroidManifest.xml:67:13-92
74            android:label="@string/app_name" >
74-->src\main\AndroidManifest.xml:68:13-45
75        </activity>
76
77        <meta-data
77-->[com.android.support:support-v4:26.1.0] AndroidManifest.xml:26:9-28:38
78            android:name="android.support.VERSION"
78-->[com.android.support:support-v4:26.1.0] AndroidManifest.xml:27:13-51
79            android:value="26.1.0" />
79-->[com.android.support:support-v4:26.1.0] AndroidManifest.xml:28:13-35
80        <meta-data
80-->[android.arch.lifecycle:runtime:1.0.0] AndroidManifest.xml:25:9-27:47
81            android:name="android.arch.lifecycle.VERSION"
81-->[android.arch.lifecycle:runtime:1.0.0] AndroidManifest.xml:26:13-58
82            android:value="27.0.0-SNAPSHOT" />
82-->[android.arch.lifecycle:runtime:1.0.0] AndroidManifest.xml:27:13-44
83    </application>
84
85</manifest>